Build started 11/12/2016 11:04:34 AM.
     1>Project "C:\Users\Arin\documents\visual studio 2013\Projects\Ass02_C++\Ass02_C++\Ass02_C++.vcxproj" on node 2 (Rebuild target(s)).
     1>ClCompile:
         C:\Program Files (x86)\Microsoft Visual Studio 12.0\VC\bin\CL.exe /c /ZI /nologo /W3 /WX- /sdl /Od /Oy- /D WIN32 /D _DEBUG /D _CONSOLE /D _LIB /D _UNICODE /D UNICODE /Gm /EHsc /RTC1 /MDd /GS /fp:precise /Zc:wchar_t /Zc:forScope /Fo"Debug\\" /Fd"Debug\vc120.pdb" /Gd /TP /analyze- /errorReport:prompt ass02.cpp GraphicElement.cpp Line.cpp Point.cpp VectorGraphic.cpp
         VectorGraphic.cpp
         Point.cpp
         Line.cpp
         GraphicElement.cpp
         ass02.cpp
         Generating Code...
       Link:
         C:\Program Files (x86)\Microsoft Visual Studio 12.0\VC\bin\link.exe /ERRORREPORT:PROMPT /OUT:"C:\Users\Arin\documents\visual studio 2013\Projects\Ass02_C++\Debug\Ass02_C++.exe" /INCREMENTAL /NOLOGO kernel32.lib user32.lib gdi32.lib winspool.lib comdlg32.lib advapi32.lib shell32.lib ole32.lib oleaut32.lib uuid.lib odbc32.lib odbccp32.lib /MANIFEST /MANIFESTUAC:"level='asInvoker' uiAccess='false'" /manifest:embed /DEBUG /PDB:"C:\Users\Arin\documents\visual studio 2013\Projects\Ass02_C++\Debug\Ass02_C++.pdb" /SUBSYSTEM:CONSOLE /TLBID:1 /DYNAMICBASE /NXCOMPAT /IMPLIB:"C:\Users\Arin\documents\visual studio 2013\Projects\Ass02_C++\Debug\Ass02_C++.lib" /MACHINE:X86 Debug\ass02.obj
         Debug\GraphicElement.obj
         Debug\Line.obj
         Debug\Point.obj
         Debug\VectorGraphic.obj
         Ass02_C++.vcxproj -> C:\Users\Arin\documents\visual studio 2013\Projects\Ass02_C++\Debug\Ass02_C++.exe
     1>Done Building Project "C:\Users\Arin\documents\visual studio 2013\Projects\Ass02_C++\Ass02_C++\Ass02_C++.vcxproj" (Rebuild target(s)).

Build succeeded.

Time Elapsed 00:00:04.06
